{"level":"info","message":"Inside UserController: createNewUser method"}
{"level":"info","message":"Inside UserService: addNewUser method"}
{"level":"info","message":"Inside UserController: loginUser method"}
{"level":"info","message":"Inside UserService: loginUser method"}
{"level":"info","message":"Inside UserController: loginUser method"}
{"level":"info","message":"Inside UserService: loginUser method"}
{"level":"info","message":"Inside PostController: fetchAllBlogs method"}
{"level":"info","message":"Inside PostService: fetchAllBlogs method"}
{"level":"info","message":"Inside PostController: fetchAllBlogs method"}
{"level":"info","message":"Inside PostService: fetchAllBlogs method"}
{"level":"info","message":"Inside PostController: postBlog method"}
{"level":"info","message":"Inside PostService: postBlog method"}
{"level":"info","message":"Inside PostController: fetchAllBlogs method"}
{"level":"info","message":"Inside PostService: fetchAllBlogs method"}
{"level":"info","message":"Inside PostController: fetchAllBlogs method"}
{"level":"info","message":"Inside PostService: fetchAllBlogs method"}
{"level":"info","message":"Inside PostController: postBlog method"}
{"level":"info","message":"Inside PostService: postBlog method"}
{"level":"info","message":"Inside PostController: fetchAllBlogs method"}
{"level":"info","message":"Inside PostService: fetchAllBlogs method"}
{"level":"info","message":"Inside PostController: fetchAllBlogs method"}
{"level":"info","message":"Inside PostService: fetchAllBlogs method"}
